Chatgram2/app/build/outputs/logs/manifest-merger-debug-report.txt
-- Merging decision tree log ---
manifest
ADDED from src\main\AndroidManifest.xml:2:1-28:12
INJECTED from src\main\AndroidManifest.xml:2:1-28:12
INJECTED from src\main\AndroidManifest.xml:2:1-28:12
INJECTED from src\main\AndroidManifest.xml:2:1-28:12
MERGED from [androidx.appcompat:appcompat:1.0.2] AndroidManifest.xml:17:1-22:12
MERGED from [androidx.constraintlayout:constraintlayout:1.1.3] AndroidManifest.xml:2:1-11:12
MERGED from [com.google.firebase:firebase-core:17.0.0] AndroidManifest.xml:2:1-9:12
MERGED from [com.google.firebase:firebase-storage:17.0.0] AndroidManifest.xml:15:1-37:12
MERGED from [com.google.firebase:firebase-auth:17.0.0] AndroidManifest.xml:17:1-42:12
MERGED from [com.android.volley:volley:1.1.0] AndroidManifest.xml:2:1-11:12
MERGED from [com.facebook.conceal:conceal:2.0.1] AndroidManifest.xml:7:1-16:12
MERGED from [com.google.firebase:firebase-auth-interop:17.0.0] AndroidManifest.xml:2:1-10:12
MERGED from [com.google.android.gms:play-services-flags:16.0.1] AndroidManifest.xml:17:1-22:12
MERGED from [com.google.firebase:firebase-analytics:17.0.0] AndroidManifest.xml:2:1-9:12
MERGED from [com.google.android.gms:play-services-measurement:17.0.0] AndroidManifest.xml:17:1-55:12
MERGED from [com.google.android.gms:play-services-measurement-api:17.0.0] AndroidManifest.xml:17:1-36:12
MERGED from [com.google.android.gms:play-services-measurement-sdk:17.0.0] AndroidManifest.xml:17:1-25:12
MERGED from [com.google.android.gms:play-services-measurement-impl:17.0.0] AndroidManifest.xml:17:1-40:12
MERGED from [com.google.android.gms:play-services-measurement-sdk-api:17.0.0] AndroidManifest.xml:17:1-40:12
MERGED from [com.google.android.gms:play-services-measurement-base:17.0.0] AndroidManifest.xml:2:1-9:12
MERGED from [com.google.firebase:firebase-iid:19.0.0] AndroidManifest.xml:17:1-47:12
MERGED from [com.google.android.gms:play-services-stats:17.0.0] AndroidManifest.xml:2:1-9:12
MERGED from [com.google.firebase:firebase-common:18.0.0] AndroidManifest.xml:2:1-19:12
MERGED from [com.google.firebase:firebase-iid-interop:17.0.0] AndroidManifest.xml:2:1-10:12
MERGED from [com.google.android.gms:play-services-base:17.0.0] AndroidManifest.xml:17:1-29:12
MERGED from [com.google.android.gms:play-services-tasks:17.0.0] AndroidManifest.xml:2:1-9:12
MERGED from [com.google.firebase:firebase-measurement-connector:18.0.0] AndroidManifest.xml:17:1-25:12
MERGED from [com.google.android.gms:play-services-ads-identifier:17.0.0] AndroidManifest.xml:17:1-24:12
MERGED from [com.google.android.gms:play-services-basement:17.0.0] AndroidManifest.xml:17:1-28:12
MERGED from [androidx.fragment:fragment:1.0.0] AndroidManifest.xml:17:1-22:12
MERGED from [androidx.vectordrawable:vectordrawable-animated:1.0.0] AndroidManifest.xml:17:1-22:12
MERGED from [androidx.legacy:legacy-support-core-ui:1.0.0] AndroidManifest.xml:17:1-22:12
MERGED from [androidx.legacy:legacy-support-core-utils:1.0.0] AndroidManifest.xml:17:1-22:12
MERGED from [androidx.vectordrawable:vectordrawable:1.0.1] AndroidManifest.xml:17:1-22:12
MERGED from [androidx.loader:loader:1.0.0] AndroidManifest.xml:17:1-22:12
MERGED from [androidx.viewpager:viewpager:1.0.0] AndroidManifest.xml:17:1-22:12
MERGED from [androidx.coordinatorlayout:coordinatorlayout:1.0.0] AndroidManifest.xml:17:1-22:12
MERGED from [androidx.drawerlayout:drawerlayout:1.0.0] AndroidManifest.xml:17:1-22:12
MERGED from [androidx.slidingpanelayout:slidingpanelayout:1.0.0] AndroidManifest.xml:17:1-22:12
MERGED from [androidx.customview:customview:1.0.0] AndroidManifest.xml:17:1-22:12
MERGED from [androidx.swiperefreshlayout:swiperefreshlayout:1.0.0] AndroidManifest.xml:17:1-22:12
MERGED from [androidx.asynclayoutinflater:asynclayoutinflater:1.0.0] AndroidManifest.xml:17:1-22:12
MERGED from [androidx.core:core:1.0.1] AndroidManifest.xml:17:1-24:12
MERGED from [androidx.versionedparcelable:versionedparcelable:1.0.0] AndroidManifest.xml:17:1-25:12
MERGED from [androidx.cursoradapter:cursoradapter:1.0.0] AndroidManifest.xml:17:1-22:12
MERGED from [androidx.lifecycle:lifecycle-runtime:2.0.0] AndroidManifest.xml:17:1-22:12
MERGED from [androidx.documentfile:documentfile:1.0.0] AndroidManifest.xml:17:1-22:12
MERGED from [androidx.localbroadcastmanager:localbroadcastmanager:1.0.0] AndroidManifest.xml:17:1-22:12
MERGED from [androidx.print:print:1.0.0] AndroidManifest.xml:17:1-22:12
MERGED from [androidx.lifecycle:lifecycle-viewmodel:2.0.0] AndroidManifest.xml:17:1-22:12
MERGED from [androidx.lifecycle:lifecycle-livedata:2.0.0] AndroidManifest.xml:17:1-22:12
MERGED from [androidx.lifecycle:lifecycle-livedata-core:2.0.0] AndroidManifest.xml:17:1-22:12
MERGED from [androidx.arch.core:core-runtime:2.0.0] AndroidManifest.xml:17:1-22:12
MERGED from [androidx.interpolator:interpolator:1.0.0] AndroidManifest.xml:17:1-22:12
INJECTED from src\main\AndroidManifest.xml:2:1-28:12
INJECTED from src\main\AndroidManifest.xml:2:1-28:12
INJECTED from src\main\AndroidManifest.xml:2:1-28:12
	package
		ADDED from src\main\AndroidManifest.xml:3:5-36
		INJECTED from src\main\AndroidManifest.xml
		INJECTED from src\main\AndroidManifest.xml
	android:versionName
		INJECTED from src\main\AndroidManifest.xml
		ADDED from src\main\AndroidManifest.xml:2:1-28:12
		INJECTED from src\main\AndroidManifest.xml
	android:versionCode
		INJECTED from src\main\AndroidManifest.xml
		ADDED from src\main\AndroidManifest.xml:2:1-28:12
		INJECTED from src\main\AndroidManifest.xml
	xmlns:android
		ADDED from src\main\AndroidManifest.xml:2:11-69
uses-permission#android.permission.INTERNET
ADDED from src\main\AndroidManifest.xml:5:5-66
MERGED from [com.google.firebase:firebase-storage:17.0.0] AndroidManifest.xml:27:5-67
MERGED from [com.google.firebase:firebase-storage:17.0.0] AndroidManifest.xml:27:5-67
MERGED from [com.google.android.gms:play-services-measurement:17.0.0] AndroidManifest.xml:23:5-67
MERGED from [com.google.android.gms:play-services-measurement:17.0.0] AndroidManifest.xml:23:5-67
MERGED from [com.google.android.gms:play-services-measurement-api:17.0.0] AndroidManifest.xml:22:5-67
MERGED from [com.google.android.gms:play-services-measurement-api:17.0.0] AndroidManifest.xml:22:5-67
MERGED from [com.google.android.gms:play-services-measurement-impl:17.0.0] AndroidManifest.xml:23:5-67
MERGED from [com.google.android.gms:play-services-measurement-impl:17.0.0] AndroidManifest.xml:23:5-67
MERGED from [com.google.android.gms:play-services-measurement-sdk-api:17.0.0] AndroidManifest.xml:23:5-67
MERGED from [com.google.android.gms:play-services-measurement-sdk-api:17.0.0] AndroidManifest.xml:23:5-67
MERGED from [com.google.firebase:firebase-iid:19.0.0] AndroidManifest.xml:23:5-67
MERGED from [com.google.firebase:firebase-iid:19.0.0] AndroidManifest.xml:23:5-67
	android:name
		ADDED from src\main\AndroidManifest.xml:5:22-64
uses-permission#android.permission.READ_EXTERNAL_STORAGE
ADDED from src\main\AndroidManifest.xml:6:5-79
	android:name
		ADDED from src\main\AndroidManifest.xml:6:22-77
uses-permission#android.permission.WRITE_EXTERNAL_STORAGE
ADDED from src\main\AndroidManifest.xml:7:5-80
	android:name
		ADDED from src\main\AndroidManifest.xml:7:22-78
application
ADDED from src\main\AndroidManifest.xml:8:5-26:19
MERGED from [androidx.constraintlayout:constraintlayout:1.1.3] AndroidManifest.xml:9:5-20
MERGED from [androidx.constraintlayout:constraintlayout:1.1.3] AndroidManifest.xml:9:5-20
MERGED from [com.google.firebase:firebase-core:17.0.0] AndroidManifest.xml:7:5-20
MERGED from [com.google.firebase:firebase-core:17.0.0] AndroidManifest.xml:7:5-20
MERGED from [com.google.firebase:firebase-storage:17.0.0] AndroidManifest.xml:29:5-35:19
MERGED from [com.google.firebase:firebase-storage:17.0.0] AndroidManifest.xml:29:5-35:19
MERGED from [com.google.firebase:firebase-auth:17.0.0] AndroidManifest.xml:23:5-40:19
MERGED from [com.google.firebase:firebase-auth:17.0.0] AndroidManifest.xml:23:5-40:19
MERGED from [com.android.volley:volley:1.1.0] AndroidManifest.xml:9:5-20
MERGED from [com.android.volley:volley:1.1.0] AndroidManifest.xml:9:5-20
MERGED from [com.google.firebase:firebase-auth-interop:17.0.0] AndroidManifest.xml:7:5-8:19
MERGED from [com.google.firebase:firebase-auth-interop:17.0.0] AndroidManifest.xml:7:5-8:19
MERGED from [com.google.firebase:firebase-analytics:17.0.0] AndroidManifest.xml:7:5-20
MERGED from [com.google.firebase:firebase-analytics:17.0.0] AndroidManifest.xml:7:5-20
MERGED from [com.google.android.gms:play-services-measurement:17.0.0] AndroidManifest.xml:28:5-53:19
MERGED from [com.google.android.gms:play-services-measurement:17.0.0] AndroidManifest.xml:28:5-53:19
MERGED from [com.google.android.gms:play-services-measurement-api:17.0.0] AndroidManifest.xml:26:5-34:19
MERGED from [com.google.android.gms:play-services-measurement-api:17.0.0] AndroidManifest.xml:26:5-34:19
MERGED from [com.google.android.gms:play-services-measurement-sdk:17.0.0] AndroidManifest.xml:22:5-23:19
MERGED from [com.google.android.gms:play-services-measurement-sdk:17.0.0] AndroidManifest.xml:22:5-23:19
MERGED from [com.google.android.gms:play-services-measurement-impl:17.0.0] AndroidManifest.xml:28:5-38:19
MERGED from [com.google.android.gms:play-services-measurement-impl:17.0.0] AndroidManifest.xml:28:5-38:19
MERGED from [com.google.android.gms:play-services-measurement-sdk-api:17.0.0] AndroidManifest.xml:28:5-38:19
MERGED from [com.google.android.gms:play-services-measurement-sdk-api:17.0.0] AndroidManifest.xml:28:5-38:19
MERGED from [com.google.android.gms:play-services-measurement-base:17.0.0] AndroidManifest.xml:7:5-20
MERGED from [com.google.android.gms:play-services-measurement-base:17.0.0] AndroidManifest.xml:7:5-20
MERGED from [com.google.firebase:firebase-iid:19.0.0] AndroidManifest.xml:28:5-45:19
MERGED from [com.google.firebase:firebase-iid:19.0.0] AndroidManifest.xml:28:5-45:19
MERGED from [com.google.android.gms:play-services-stats:17.0.0] AndroidManifest.xml:7:5-20
MERGED from [com.google.android.gms:play-services-stats:17.0.0] AndroidManifest.xml:7:5-20
MERGED from [com.google.firebase:firebase-common:18.0.0] AndroidManifest.xml:11:5-17:19
MERGED from [com.google.firebase:firebase-common:18.0.0] AndroidManifest.xml:11:5-17:19
MERGED from [com.google.firebase:firebase-iid-interop:17.0.0] AndroidManifest.xml:7:5-8:19
MERGED from [com.google.firebase:firebase-iid-interop:17.0.0] AndroidManifest.xml:7:5-8:19
MERGED from [com.google.android.gms:play-services-base:17.0.0] AndroidManifest.xml:22:5-27:19
MERGED from [com.google.android.gms:play-services-base:17.0.0] AndroidManifest.xml:22:5-27:19
MERGED from [com.google.android.gms:play-services-tasks:17.0.0] AndroidManifest.xml:7:5-20
MERGED from [com.google.android.gms:play-services-tasks:17.0.0] AndroidManifest.xml:7:5-20
MERGED from [com.google.firebase:firebase-measurement-connector:18.0.0] AndroidManifest.xml:22:5-23:19
MERGED from [com.google.firebase:firebase-measurement-connector:18.0.0] AndroidManifest.xml:22:5-23:19
MERGED from [com.google.android.gms:play-services-ads-identifier:17.0.0] AndroidManifest.xml:22:5-20
MERGED from [com.google.android.gms:play-services-ads-identifier:17.0.0] AndroidManifest.xml:22:5-20
MERGED from [com.google.android.gms:play-services-basement:17.0.0] AndroidManifest.xml:22:5-26:19
MERGED from [com.google.android.gms:play-services-basement:17.0.0] AndroidManifest.xml:22:5-26:19
MERGED from [androidx.core:core:1.0.1] AndroidManifest.xml:22:5-89
MERGED from [androidx.core:core:1.0.1] AndroidManifest.xml:22:5-89
MERGED from [androidx.versionedparcelable:versionedparcelable:1.0.0] AndroidManifest.xml:22:5-23:19
MERGED from [androidx.versionedparcelable:versionedparcelable:1.0.0] AndroidManifest.xml:22:5-23:19
	android:appComponentFactory
		ADDED from [androidx.core:core:1.0.1] AndroidManifest.xml:22:18-86
	android:supportsRtl
		ADDED from src\main\AndroidManifest.xml:13:9-35
	android:label
		ADDED from src\main\AndroidManifest.xml:11:9-34
	android:roundIcon
		ADDED from src\main\AndroidManifest.xml:12:9-54
	android:icon
		ADDED from src\main\AndroidManifest.xml:10:9-43
	android:allowBackup
		ADDED from src\main\AndroidManifest.xml:9:9-35
	android:theme
		ADDED from src\main\AndroidManifest.xml:14:9-40
activity#com.example.chatgram2.MainActivity
ADDED from src\main\AndroidManifest.xml:15:9-50
	android:name
		ADDED from src\main\AndroidManifest.xml:15:19-47
activity#com.example.chatgram2.Login
ADDED from src\main\AndroidManifest.xml:16:9-22:20
	android:name
		ADDED from src\main\AndroidManifest.xml:16:19-40
intent-filter#action:name:android.intent.action.MAIN+category:name:android.intent.category.DEFAULT+category:name:android.intent.category.LAUNCHER
ADDED from src\main\AndroidManifest.xml:17:13-21:29
action#android.intent.action.MAIN
ADDED from src\main\AndroidManifest.xml:18:17-69
	android:name
		ADDED from src\main\AndroidManifest.xml:18:25-66
category#android.intent.category.LAUNCHER
ADDED from src\main\AndroidManifest.xml:19:17-77
	android:name
		ADDED from src\main\AndroidManifest.xml:19:27-74
category#android.intent.category.DEFAULT
ADDED from src\main\AndroidManifest.xml:20:17-75
	android:name
		ADDED from src\main\AndroidManifest.xml:20:27-73
activity#com.example.chatgram2.Register
ADDED from src\main\AndroidManifest.xml:23:9-46
	android:name
		ADDED from src\main\AndroidManifest.xml:23:19-43
activity#com.example.chatgram2.Users
ADDED from src\main\AndroidManifest.xml:24:9-43
	android:name
		ADDED from src\main\AndroidManifest.xml:24:19-40
activity#com.example.chatgram2.Chat
ADDED from src\main\AndroidManifest.xml:25:9-42
	android:name
		ADDED from src\main\AndroidManifest.xml:25:19-39
uses-sdk
INJECTED from src\main\AndroidManifest.xml reason: use-sdk injection requested
INJECTED from src\main\AndroidManifest.xml
INJECTED from src\main\AndroidManifest.xml
MERGED from [androidx.appcompat:appcompat:1.0.2] AndroidManifest.xml:20:5-44
MERGED from [androidx.appcompat:appcompat:1.0.2] AndroidManifest.xml:20:5-44
MERGED from [androidx.constraintlayout:constraintlayout:1.1.3] AndroidManifest.xml:5:5-7:41
MERGED from [androidx.constraintlayout:constraintlayout:1.1.3] AndroidManifest.xml:5:5-7:41
MERGED from [com.google.firebase:firebase-core:17.0.0] AndroidManifest.xml:5:5-44
MERGED from [com.google.firebase:firebase-core:17.0.0] AndroidManifest.xml:5:5-44
MERGED from [com.google.firebase:firebase-storage:17.0.0] AndroidManifest.xml:20:5-22:41
MERGED from [com.google.firebase:firebase-storage:17.0.0] AndroidManifest.xml:20:5-22:41
MERGED from [com.google.firebase:firebase-auth:17.0.0] AndroidManifest.xml:21:5-44
MERGED from [com.google.firebase:firebase-auth:17.0.0] AndroidManifest.xml:21:5-44
MERGED from [com.android.volley:volley:1.1.0] AndroidManifest.xml:7:5-43
MERGED from [com.android.volley:volley:1.1.0] AndroidManifest.xml:7:5-43
MERGED from [com.facebook.conceal:conceal:2.0.1] AndroidManifest.xml:12:5-14:41
MERGED from [com.facebook.conceal:conceal:2.0.1] AndroidManifest.xml:12:5-14:41
MERGED from [com.google.firebase:firebase-auth-interop:17.0.0] AndroidManifest.xml:5:5-44
MERGED from [com.google.firebase:firebase-auth-interop:17.0.0] AndroidManifest.xml:5:5-44
MERGED from [com.google.android.gms:play-services-flags:16.0.1] AndroidManifest.xml:20:5-44
MERGED from [com.google.android.gms:play-services-flags:16.0.1] AndroidManifest.xml:20:5-44
MERGED from [com.google.firebase:firebase-analytics:17.0.0] AndroidManifest.xml:5:5-44
MERGED from [com.google.firebase:firebase-analytics:17.0.0] AndroidManifest.xml:5:5-44
MERGED from [com.google.android.gms:play-services-measurement:17.0.0] AndroidManifest.xml:20:5-44
MERGED from [com.google.android.gms:play-services-measurement:17.0.0] AndroidManifest.xml:20:5-44
MERGED from [com.google.android.gms:play-services-measurement-api:17.0.0] AndroidManifest.xml:20:5-44
MERGED from [com.google.android.gms:play-services-measurement-api:17.0.0] AndroidManifest.xml:20:5-44
MERGED from [com.google.android.gms:play-services-measurement-sdk:17.0.0] AndroidManifest.xml:20:5-44
MERGED from [com.google.android.gms:play-services-measurement-sdk:17.0.0] AndroidManifest.xml:20:5-44
MERGED from [com.google.android.gms:play-services-measurement-impl:17.0.0] AndroidManifest.xml:20:5-44
MERGED from [com.google.android.gms:play-services-measurement-impl:17.0.0] AndroidManifest.xml:20:5-44
MERGED from [com.google.android.gms:play-services-measurement-sdk-api:17.0.0] AndroidManifest.xml:20:5-44
MERGED from [com.google.android.gms:play-services-measurement-sdk-api:17.0.0] AndroidManifest.xml:20:5-44
MERGED from [com.google.android.gms:play-services-measurement-base:17.0.0] AndroidManifest.xml:5:5-44
MERGED from [com.google.android.gms:play-services-measurement-base:17.0.0] AndroidManifest.xml:5:5-44
MERGED from [com.google.firebase:firebase-iid:19.0.0] AndroidManifest.xml:20:5-44
MERGED from [com.google.firebase:firebase-iid:19.0.0] AndroidManifest.xml:20:5-44
MERGED from [com.google.android.gms:play-services-stats:17.0.0] AndroidManifest.xml:5:5-44
MERGED from [com.google.android.gms:play-services-stats:17.0.0] AndroidManifest.xml:5:5-44
MERGED from [com.google.firebase:firebase-common:18.0.0] AndroidManifest.xml:6:5-8:41
MERGED from [com.google.firebase:firebase-common:18.0.0] AndroidManifest.xml:6:5-8:41
MERGED from [com.google.firebase:firebase-iid-interop:17.0.0] AndroidManifest.xml:5:5-44
MERGED from [com.google.firebase:firebase-iid-interop:17.0.0] AndroidManifest.xml:5:5-44
MERGED from [com.google.android.gms:play-services-base:17.0.0] AndroidManifest.xml:20:5-44
MERGED from [com.google.android.gms:play-services-base:17.0.0] AndroidManifest.xml:20:5-44
MERGED from [com.google.android.gms:play-services-tasks:17.0.0] AndroidManifest.xml:5:5-44
MERGED from [com.google.android.gms:play-services-tasks:17.0.0] AndroidManifest.xml:5:5-44
MERGED from [com.google.firebase:firebase-measurement-connector:18.0.0] AndroidManifest.xml:20:5-44
MERGED from [com.google.firebase:firebase-measurement-connector:18.0.0] AndroidManifest.xml:20:5-44
MERGED from [com.google.android.gms:play-services-ads-identifier:17.0.0] AndroidManifest.xml:20:5-44
MERGED from [com.google.android.gms:play-services-ads-identifier:17.0.0] AndroidManifest.xml:20:5-44
MERGED from [com.google.android.gms:play-services-basement:17.0.0] AndroidManifest.xml:20:5-44
MERGED from [com.google.android.gms:play-services-basement:17.0.0] AndroidManifest.xml:20:5-44
MERGED from [androidx.fragment:fragment:1.0.0] AndroidManifest.xml:20:5-44
MERGED from [androidx.fragment:fragment:1.0.0] AndroidManifest.xml:20:5-44
MERGED from [androidx.vectordrawable:vectordrawable-animated:1.0.0] AndroidManifest.xml:20:5-44
MERGED from [androidx.vectordrawable:vectordrawable-animated:1.0.0] AndroidManifest.xml:20:5-44
MERGED from [androidx.legacy:legacy-support-core-ui:1.0.0] AndroidManifest.xml:20:5-44
MERGED from [androidx.legacy:legacy-support-core-ui:1.0.0] AndroidManifest.xml:20:5-44
MERGED from [androidx.legacy:legacy-support-core-utils:1.0.0] AndroidManifest.xml:20:5-44
MERGED from [androidx.legacy:legacy-support-core-utils:1.0.0] AndroidManifest.xml:20:5-44
MERGED from [androidx.vectordrawable:vectordrawable:1.0.1] AndroidManifest.xml:20:5-44
MERGED from [androidx.vectordrawable:vectordrawable:1.0.1] AndroidManifest.xml:20:5-44
MERGED from [androidx.loader:loader:1.0.0] AndroidManifest.xml:20:5-44
MERGED from [androidx.loader:loader:1.0.0] AndroidManifest.xml:20:5-44
MERGED from [androidx.viewpager:viewpager:1.0.0] AndroidManifest.xml:20:5-44
MERGED from [androidx.viewpager:viewpager:1.0.0] AndroidManifest.xml:20:5-44
MERGED from [androidx.coordinatorlayout:coordinatorlayout:1.0.0] AndroidManifest.xml:20:5-44
MERGED from [androidx.coordinatorlayout:coordinatorlayout:1.0.0] AndroidManifest.xml:20:5-44
MERGED from [androidx.drawerlayout:drawerlayout:1.0.0] AndroidManifest.xml:20:5-44
MERGED from [androidx.drawerlayout:drawerlayout:1.0.0] AndroidManifest.xml:20:5-44
MERGED from [androidx.slidingpanelayout:slidingpanelayout:1.0.0] AndroidManifest.xml:20:5-44
MERGED from [androidx.slidingpanelayout:slidingpanelayout:1.0.0] AndroidManifest.xml:20:5-44
MERGED from [androidx.customview:customview:1.0.0] AndroidManifest.xml:20:5-44
MERGED from [androidx.customview:customview:1.0.0] AndroidManifest.xml:20:5-44
MERGED from [androidx.swiperefreshlayout:swiperefreshlayout:1.0.0] AndroidManifest.xml:20:5-44
MERGED from [androidx.swiperefreshlayout:swiperefreshlayout:1.0.0] AndroidManifest.xml:20:5-44
MERGED from [androidx.asynclayoutinflater:asynclayoutinflater:1.0.0] AndroidManifest.xml:20:5-44
MERGED from [androidx.asynclayoutinflater:asynclayoutinflater:1.0.0] AndroidManifest.xml:20:5-44
MERGED from [androidx.core:core:1.0.1] AndroidManifest.xml:20:5-44
MERGED from [androidx.core:core:1.0.1] AndroidManifest.xml:20:5-44
MERGED from [androidx.versionedparcelable:versionedparcelable:1.0.0] AndroidManifest.xml:20:5-44
MERGED from [androidx.versionedparcelable:versionedparcelable:1.0.0] AndroidManifest.xml:20:5-44
MERGED from [androidx.cursoradapter:cursoradapter:1.0.0] AndroidManifest.xml:20:5-44
MERGED from [androidx.cursoradapter:cursoradapter:1.0.0] AndroidManifest.xml:20:5-44
MERGED from [androidx.lifecycle:lifecycle-runtime:2.0.0] AndroidManifest.xml:20:5-44
MERGED from [androidx.lifecycle:lifecycle-runtime:2.0.0] AndroidManifest.xml:20:5-44
MERGED from [androidx.documentfile:documentfile:1.0.0] AndroidManifest.xml:20:5-44
MERGED from [androidx.documentfile:documentfile:1.0.0] AndroidManifest.xml:20:5-44
MERGED from [androidx.localbroadcastmanager:localbroadcastmanager:1.0.0] AndroidManifest.xml:20:5-44
MERGED from [androidx.localbroadcastmanager:localbroadcastmanager:1.0.0] AndroidManifest.xml:20:5-44
MERGED from [androidx.print:print:1.0.0] AndroidManifest.xml:20:5-44
MERGED from [androidx.print:print:1.0.0] AndroidManifest.xml:20:5-44
MERGED from [androidx.lifecycle:lifecycle-viewmodel:2.0.0] AndroidManifest.xml:20:5-44
MERGED from [androidx.lifecycle:lifecycle-viewmodel:2.0.0] AndroidManifest.xml:20:5-44
MERGED from [androidx.lifecycle:lifecycle-livedata:2.0.0] AndroidManifest.xml:20:5-44
MERGED from [androidx.lifecycle:lifecycle-livedata:2.0.0] AndroidManifest.xml:20:5-44
MERGED from [androidx.lifecycle:lifecycle-livedata-core:2.0.0] AndroidManifest.xml:20:5-44
MERGED from [androidx.lifecycle:lifecycle-livedata-core:2.0.0] AndroidManifest.xml:20:5-44
MERGED from [androidx.arch.core:core-runtime:2.0.0] AndroidManifest.xml:20:5-44
MERGED from [androidx.arch.core:core-runtime:2.0.0] AndroidManifest.xml:20:5-44
MERGED from [androidx.interpolator:interpolator:1.0.0] AndroidManifest.xml:20:5-44
MERGED from [androidx.interpolator:interpolator:1.0.0] AndroidManifest.xml:20:5-44
INJECTED from src\main\AndroidManifest.xml
INJECTED from src\main\AndroidManifest.xml
	android:targetSdkVersion
		INJECTED from src\main\AndroidManifest.xml
		ADDED from src\main\AndroidManifest.xml
		INJECTED from src\main\AndroidManifest.xml
	android:minSdkVersion
		INJECTED from src\main\AndroidManifest.xml
		ADDED from src\main\AndroidManifest.xml
		INJECTED from src\main\AndroidManifest.xml
uses-permission#android.permission.ACCESS_NETWORK_STATE
ADDED from [com.google.firebase:firebase-storage:17.0.0] AndroidManifest.xml:26:5-79
MERGED from [com.google.android.gms:play-services-measurement:17.0.0] AndroidManifest.xml:24:5-79
MERGED from [com.google.android.gms:play-services-measurement:17.0.0] AndroidManifest.xml:24:5-79
MERGED from [com.google.android.gms:play-services-measurement-api:17.0.0] AndroidManifest.xml:23:5-79
MERGED from [com.google.android.gms:play-services-measurement-api:17.0.0] AndroidManifest.xml:23:5-79
MERGED from [com.google.android.gms:play-services-measurement-impl:17.0.0] AndroidManifest.xml:24:5-79
MERGED from [com.google.android.gms:play-services-measurement-impl:17.0.0] AndroidManifest.xml:24:5-79
MERGED from [com.google.android.gms:play-services-measurement-sdk-api:17.0.0] AndroidManifest.xml:24:5-79
MERGED from [com.google.android.gms:play-services-measurement-sdk-api:17.0.0] AndroidManifest.xml:24:5-79
MERGED from [com.google.firebase:firebase-iid:19.0.0] AndroidManifest.xml:22:5-79
MERGED from [com.google.firebase:firebase-iid:19.0.0] AndroidManifest.xml:22:5-79
	android:name
		ADDED from [com.google.firebase:firebase-storage:17.0.0] AndroidManifest.xml:26:22-76
service#com.google.firebase.components.ComponentDiscoveryService
ADDED from [com.google.firebase:firebase-storage:17.0.0] AndroidManifest.xml:30:9-34:19
MERGED from [com.google.firebase:firebase-auth:17.0.0] AndroidManifest.xml:33:9-39:19
MERGED from [com.google.firebase:firebase-auth:17.0.0] AndroidManifest.xml:33:9-39:19
MERGED from [com.google.android.gms:play-services-measurement-api:17.0.0] AndroidManifest.xml:27:9-33:19
MERGED from [com.google.android.gms:play-services-measurement-api:17.0.0] AndroidManifest.xml:27:9-33:19
MERGED from [com.google.firebase:firebase-iid:19.0.0] AndroidManifest.xml:29:9-35:19
MERGED from [com.google.firebase:firebase-iid:19.0.0] AndroidManifest.xml:29:9-35:19
	android:exported
		ADDED from [com.google.firebase:firebase-auth:17.0.0] AndroidManifest.xml:35:13-37
	android:name
		ADDED from [com.google.firebase:firebase-storage:17.0.0] AndroidManifest.xml:30:18-89
meta-data#com.google.firebase.components:com.google.firebase.storage.StorageRegistrar
ADDED from [com.google.firebase:firebase-storage:17.0.0] AndroidManifest.xml:31:13-33:85
	android:value
		ADDED from [com.google.firebase:firebase-storage:17.0.0] AndroidManifest.xml:33:17-82
	android:name
		ADDED from [com.google.firebase:firebase-storage:17.0.0] AndroidManifest.xml:32:17-107
activity#com.google.firebase.auth.internal.FederatedSignInActivity
ADDED from [com.google.firebase:firebase-auth:17.0.0] AndroidManifest.xml:24:9-31:50
	android:excludeFromRecents
		ADDED from [com.google.firebase:firebase-auth:17.0.0] AndroidManifest.xml:26:13-46
	android:launchMode
		ADDED from [com.google.firebase:firebase-auth:17.0.0] AndroidManifest.xml:28:13-44
	android:exported
		ADDED from [com.google.firebase:firebase-auth:17.0.0] AndroidManifest.xml:27:13-36
	android:permission
		ADDED from [com.google.firebase:firebase-auth:17.0.0] AndroidManifest.xml:29:13-102
	android:theme
		ADDED from [com.google.firebase:firebase-auth:17.0.0] AndroidManifest.xml:30:13-72
	tools:replace
		ADDED from [com.google.firebase:firebase-auth:17.0.0] AndroidManifest.xml:31:13-47
	android:name
		ADDED from [com.google.firebase:firebase-auth:17.0.0] AndroidManifest.xml:25:13-85
meta-data#com.google.firebase.components:com.google.firebase.auth.FirebaseAuthRegistrar
ADDED from [com.google.firebase:firebase-auth:17.0.0] AndroidManifest.xml:36:13-38:85
	android:value
		ADDED from [com.google.firebase:firebase-auth:17.0.0] AndroidManifest.xml:38:17-82
	android:name
		ADDED from [com.google.firebase:firebase-auth:17.0.0] AndroidManifest.xml:37:17-109
uses-permission#android.permission.WAKE_LOCK
ADDED from [com.google.android.gms:play-services-measurement:17.0.0] AndroidManifest.xml:25:5-68
MERGED from [com.google.android.gms:play-services-measurement-api:17.0.0] AndroidManifest.xml:24:5-68
MERGED from [com.google.android.gms:play-services-measurement-api:17.0.0] AndroidManifest.xml:24:5-68
MERGED from [com.google.android.gms:play-services-measurement-impl:17.0.0] AndroidManifest.xml:25:5-68
MERGED from [com.google.android.gms:play-services-measurement-impl:17.0.0] AndroidManifest.xml:25:5-68
MERGED from [com.google.android.gms:play-services-measurement-sdk-api:17.0.0] AndroidManifest.xml:25:5-68
MERGED from [com.google.android.gms:play-services-measurement-sdk-api:17.0.0] AndroidManifest.xml:25:5-68
MERGED from [com.google.firebase:firebase-iid:19.0.0] AndroidManifest.xml:24:5-68
MERGED from [com.google.firebase:firebase-iid:19.0.0] AndroidManifest.xml:24:5-68
	android:name
		ADDED from [com.google.android.gms:play-services-measurement:17.0.0] AndroidManifest.xml:25:22-65
uses-permission#com.google.android.finsky.permission.BIND_GET_INSTALL_REFERRER_SERVICE
ADDED from [com.google.android.gms:play-services-measurement:17.0.0] AndroidManifest.xml:26:5-110
MERGED from [com.google.android.gms:play-services-measurement-impl:17.0.0] AndroidManifest.xml:26:5-110
MERGED from [com.google.android.gms:play-services-measurement-impl:17.0.0] AndroidManifest.xml:26:5-110
MERGED from [com.google.android.gms:play-services-measurement-sdk-api:17.0.0] AndroidManifest.xml:26:5-110
MERGED from [com.google.android.gms:play-services-measurement-sdk-api:17.0.0] AndroidManifest.xml:26:5-110
	android:name
		ADDED from [com.google.android.gms:play-services-measurement:17.0.0] AndroidManifest.xml:26:22-107
receiver#com.google.android.gms.measurement.AppMeasurementReceiver
ADDED from [com.google.android.gms:play-services-measurement:17.0.0] AndroidManifest.xml:29:9-33:20
	android:enabled
		ADDED from [com.google.android.gms:play-services-measurement:17.0.0] AndroidManifest.xml:31:13-35
	android:exported
		ADDED from [com.google.android.gms:play-services-measurement:17.0.0] AndroidManifest.xml:32:13-37
	android:name
		ADDED from [com.google.android.gms:play-services-measurement:17.0.0] AndroidManifest.xml:30:13-85
receiver#com.google.android.gms.measurement.AppMeasurementInstallReferrerReceiver
ADDED from [com.google.android.gms:play-services-measurement:17.0.0] AndroidManifest.xml:34:9-42:20
MERGED from [com.google.android.gms:play-services-measurement-impl:17.0.0] AndroidManifest.xml:29:9-37:20
MERGED from [com.google.android.gms:play-services-measurement-impl:17.0.0] AndroidManifest.xml:29:9-37:20
MERGED from [com.google.android.gms:play-services-measurement-sdk-api:17.0.0] AndroidManifest.xml:29:9-37:20
MERGED from [com.google.android.gms:play-services-measurement-sdk-api:17.0.0] AndroidManifest.xml:29:9-37:20
	android:enabled
		ADDED from [com.google.android.gms:play-services-measurement:17.0.0] AndroidManifest.xml:36:13-35
	android:exported
		ADDED from [com.google.android.gms:play-services-measurement:17.0.0] AndroidManifest.xml:37:13-36
	android:permission